{"D:\\Github Repo\\dissertation-app\\RecovAI\\lib\\forecast.ts": {"path":"D:\\Github Repo\\dissertation-app\\RecovAI\\lib\\forecast.ts","statementMap":{"0":{"start":{"line":14,"column":2},"end":{"line":14,"column":44}},"1":{"start":{"line":14,"column":32},"end":{"line":14,"column":44}},"2":{"start":{"line":16,"column":12},"end":{"line":16,"column":13}},"3":{"start":{"line":17,"column":13},"end":{"line":17,"column":14}},"4":{"start":{"line":18,"column":13},"end":{"line":18,"column":14}},"5":{"start":{"line":19,"column":14},"end":{"line":19,"column":15}},"6":{"start":{"line":20,"column":14},"end":{"line":20,"column":15}},"7":{"start":{"line":21,"column":2},"end":{"line":27,"column":3}},"8":{"start":{"line":21,"column":15},"end":{"line":21,"column":16}},"9":{"start":{"line":22,"column":14},"end":{"line":22,"column":28}},"10":{"start":{"line":23,"column":4},"end":{"line":23,"column":14}},"11":{"start":{"line":24,"column":4},"end":{"line":24,"column":14}},"12":{"start":{"line":25,"column":4},"end":{"line":25,"column":19}},"13":{"start":{"line":26,"column":4},"end":{"line":26,"column":19}},"14":{"start":{"line":29,"column":16},"end":{"line":29,"column":39}},"15":{"start":{"line":32,"column":16},"end":{"line":32,"column":67}},"16":{"start":{"line":33,"column":20},"end":{"line":33,"column":45}},"17":{"start":{"line":35,"column":18},"end":{"line":35,"column":82}},"18":{"start":{"line":35,"column":33},"end":{"line":35,"column":82}},"19":{"start":{"line":37,"column":2},"end":{"line":40,"column":4}},"20":{"start":{"line":45,"column":2},"end":{"line":45,"column":30}},"21":{"start":{"line":45,"column":17},"end":{"line":45,"column":30}},"22":{"start":{"line":46,"column":2},"end":{"line":46,"column":51}},"23":{"start":{"line":46,"column":42},"end":{"line":46,"column":49}}},"fnMap":{"0":{"name":"computeForecast","decl":{"start":{"line":13,"column":16},"end":{"line":13,"column":31}},"loc":{"start":{"line":13,"column":78},"end":{"line":41,"column":1}},"line":13},"1":{"name":"(anonymous_1)","decl":{"start":{"line":35,"column":18},"end":{"line":35,"column":19}},"loc":{"start":{"line":35,"column":33},"end":{"line":35,"column":82}},"line":35},"2":{"name":"forecastsHighRisk","decl":{"start":{"line":44,"column":16},"end":{"line":44,"column":33}},"loc":{"start":{"line":44,"column":76},"end":{"line":47,"column":1}},"line":44},"3":{"name":"(anonymous_3)","decl":{"start":{"line":46,"column":35},"end":{"line":46,"column":36}},"loc":{"start":{"line":46,"column":42},"end":{"line":46,"column":49}},"line":46}},"branchMap":{"0":{"loc":{"start":{"line":14,"column":2},"end":{"line":14,"column":44}},"type":"if","locations":[{"start":{"line":14,"column":2},"end":{"line":14,"column":44}},{"start":{},"end":{}}],"line":14},"1":{"loc":{"start":{"line":32,"column":16},"end":{"line":32,"column":67}},"type":"cond-expr","locations":[{"start":{"line":32,"column":30},"end":{"line":32,"column":31}},{"start":{"line":32,"column":34},"end":{"line":32,"column":67}}],"line":32},"2":{"loc":{"start":{"line":45,"column":2},"end":{"line":45,"column":30}},"type":"if","locations":[{"start":{"line":45,"column":2},"end":{"line":45,"column":30}},{"start":{},"end":{}}],"line":45}},"s":{"0":6,"1":2,"2":4,"3":4,"4":4,"5":4,"6":4,"7":4,"8":4,"9":28,"10":28,"11":28,"12":28,"13":28,"14":4,"15":4,"16":4,"17":4,"18":12,"19":4,"20":3,"21":1,"22":2,"23":6},"f":{"0":6,"1":12,"2":3,"3":6},"b":{"0":[2,4],"1":[0,4],"2":[1,2]},"_coverageSchema":"1a1c01bbd47fc00a2c39e90264f33305004495a9","hash":"70f0881f1b54267578eeb30ef876cb66045f1945"}
,"D:\\Github Repo\\dissertation-app\\RecovAI\\lib\\geo.ts": {"path":"D:\\Github Repo\\dissertation-app\\RecovAI\\lib\\geo.ts","statementMap":{"0":{"start":{"line":3,"column":12},"end":{"line":3,"column":19}},"1":{"start":{"line":4,"column":16},"end":{"line":4,"column":50}},"2":{"start":{"line":4,"column":31},"end":{"line":4,"column":50}},"3":{"start":{"line":5,"column":15},"end":{"line":5,"column":33}},"4":{"start":{"line":6,"column":15},"end":{"line":6,"column":33}},"5":{"start":{"line":8,"column":4},"end":{"line":9,"column":75}},"6":{"start":{"line":10,"column":2},"end":{"line":10,"column":60}}},"fnMap":{"0":{"name":"haversineDistanceMeters","decl":{"start":{"line":2,"column":16},"end":{"line":2,"column":39}},"loc":{"start":{"line":2,"column":104},"end":{"line":11,"column":1}},"line":2},"1":{"name":"(anonymous_1)","decl":{"start":{"line":4,"column":16},"end":{"line":4,"column":17}},"loc":{"start":{"line":4,"column":31},"end":{"line":4,"column":50}},"line":4}},"branchMap":{},"s":{"0":2,"1":2,"2":8,"3":2,"4":2,"5":2,"6":2},"f":{"0":2,"1":8},"b":{},"_coverageSchema":"1a1c01bbd47fc00a2c39e90264f33305004495a9","hash":"4963e5952aef0c9117dfa46c0baf00ff12bfc690"}
,"D:\\Github Repo\\dissertation-app\\RecovAI\\lib\\mauritiusTime.ts": {"path":"D:\\Github Repo\\dissertation-app\\RecovAI\\lib\\mauritiusTime.ts","statementMap":{"0":{"start":{"line":3,"column":22},"end":{"line":3,"column":57}},"1":{"start":{"line":4,"column":20},"end":{"line":4,"column":41}},"2":{"start":{"line":5,"column":15},"end":{"line":5,"column":41}},"3":{"start":{"line":6,"column":16},"end":{"line":6,"column":68}},"4":{"start":{"line":7,"column":14},"end":{"line":7,"column":61}},"5":{"start":{"line":8,"column":2},"end":{"line":8,"column":35}},"6":{"start":{"line":13,"column":33},"end":{"line":13,"column":109}},"7":{"start":{"line":14,"column":2},"end":{"line":14,"column":56}},"8":{"start":{"line":19,"column":12},"end":{"line":19,"column":44}},"9":{"start":{"line":20,"column":12},"end":{"line":20,"column":44}},"10":{"start":{"line":21,"column":2},"end":{"line":21,"column":40}},"11":{"start":{"line":26,"column":2},"end":{"line":26,"column":102}},"12":{"start":{"line":31,"column":16},"end":{"line":31,"column":44}},"13":{"start":{"line":32,"column":26},"end":{"line":32,"column":78}},"14":{"start":{"line":33,"column":2},"end":{"line":33,"column":54}},"15":{"start":{"line":38,"column":2},"end":{"line":38,"column":94}},"16":{"start":{"line":51,"column":22},"end":{"line":51,"column":61}},"17":{"start":{"line":52,"column":2},"end":{"line":52,"column":45}}},"fnMap":{"0":{"name":"getMauritiusDateString","decl":{"start":{"line":2,"column":16},"end":{"line":2,"column":38}},"loc":{"start":{"line":2,"column":72},"end":{"line":9,"column":1}},"line":2},"1":{"name":"getMauritiusStartOfDayIso","decl":{"start":{"line":12,"column":16},"end":{"line":12,"column":41}},"loc":{"start":{"line":12,"column":75},"end":{"line":15,"column":1}},"line":12},"2":{"name":"daysBetween","decl":{"start":{"line":18,"column":16},"end":{"line":18,"column":27}},"loc":{"start":{"line":18,"column":66},"end":{"line":22,"column":1}},"line":18},"3":{"name":"addDaysToDateString","decl":{"start":{"line":25,"column":16},"end":{"line":25,"column":35}},"loc":{"start":{"line":25,"column":78},"end":{"line":27,"column":1}},"line":25},"4":{"name":"getMauritiusWeekStart","decl":{"start":{"line":30,"column":16},"end":{"line":30,"column":37}},"loc":{"start":{"line":30,"column":71},"end":{"line":34,"column":1}},"line":30},"5":{"name":"dayAbbreviation","decl":{"start":{"line":37,"column":16},"end":{"line":37,"column":31}},"loc":{"start":{"line":37,"column":60},"end":{"line":39,"column":1}},"line":37},"6":{"name":"toMauritiusIsoString","decl":{"start":{"line":50,"column":16},"end":{"line":50,"column":36}},"loc":{"start":{"line":50,"column":61},"end":{"line":53,"column":1}},"line":50}},"branchMap":{"0":{"loc":{"start":{"line":2,"column":39},"end":{"line":2,"column":62}},"type":"default-arg","locations":[{"start":{"line":2,"column":52},"end":{"line":2,"column":62}}],"line":2},"1":{"loc":{"start":{"line":12,"column":42},"end":{"line":12,"column":65}},"type":"default-arg","locations":[{"start":{"line":12,"column":55},"end":{"line":12,"column":65}}],"line":12},"2":{"loc":{"start":{"line":30,"column":38},"end":{"line":30,"column":61}},"type":"default-arg","locations":[{"start":{"line":30,"column":51},"end":{"line":30,"column":61}}],"line":30}},"s":{"0":4,"1":4,"2":4,"3":4,"4":4,"5":4,"6":0,"7":0,"8":6,"9":6,"10":6,"11":0,"12":0,"13":0,"14":0,"15":0,"16":0,"17":0},"f":{"0":4,"1":0,"2":6,"3":0,"4":0,"5":0,"6":0},"b":{"0":[1],"1":[0],"2":[0]},"_coverageSchema":"1a1c01bbd47fc00a2c39e90264f33305004495a9","hash":"f72880592827d971be63ec91217ef249223fcf42"}
,"D:\\Github Repo\\dissertation-app\\RecovAI\\lib\\riskEngine.ts": {"path":"D:\\Github Repo\\dissertation-app\\RecovAI\\lib\\riskEngine.ts","statementMap":{"0":{"start":{"line":3,"column":60},"end":{"line":10,"column":1}},"1":{"start":{"line":21,"column":100},"end":{"line":26,"column":1}},"2":{"start":{"line":42,"column":30},"end":{"line":42,"column":55}},"3":{"start":{"line":43,"column":27},"end":{"line":43,"column":56}},"4":{"start":{"line":44,"column":28},"end":{"line":44,"column":59}},"5":{"start":{"line":45,"column":32},"end":{"line":45,"column":56}},"6":{"start":{"line":46,"column":34},"end":{"line":46,"column":62}},"7":{"start":{"line":47,"column":36},"end":{"line":47,"column":113}},"8":{"start":{"line":50,"column":4},"end":{"line":55,"column":29}},"9":{"start":{"line":57,"column":32},"end":{"line":57,"column":67}},"10":{"start":{"line":58,"column":16},"end":{"line":58,"column":72}},"11":{"start":{"line":60,"column":2},"end":{"line":70,"column":4}},"12":{"start":{"line":75,"column":2},"end":{"line":75,"column":58}}},"fnMap":{"0":{"name":"computeBreakdown","decl":{"start":{"line":41,"column":16},"end":{"line":41,"column":32}},"loc":{"start":{"line":41,"column":97},"end":{"line":71,"column":1}},"line":41},"1":{"name":"computeRiskScore","decl":{"start":{"line":74,"column":16},"end":{"line":74,"column":32}},"loc":{"start":{"line":74,"column":90},"end":{"line":76,"column":1}},"line":74}},"branchMap":{"0":{"loc":{"start":{"line":45,"column":32},"end":{"line":45,"column":56}},"type":"cond-expr","locations":[{"start":{"line":45,"column":50},"end":{"line":45,"column":52}},{"start":{"line":45,"column":55},"end":{"line":45,"column":56}}],"line":45},"1":{"loc":{"start":{"line":46,"column":34},"end":{"line":46,"column":62}},"type":"cond-expr","locations":[{"start":{"line":46,"column":56},"end":{"line":46,"column":58}},{"start":{"line":46,"column":61},"end":{"line":46,"column":62}}],"line":46},"2":{"loc":{"start":{"line":47,"column":36},"end":{"line":47,"column":113}},"type":"cond-expr","locations":[{"start":{"line":47,"column":61},"end":{"line":47,"column":109}},{"start":{"line":47,"column":112},"end":{"line":47,"column":113}}],"line":47}},"s":{"0":2,"1":2,"2":10,"3":10,"4":10,"5":10,"6":10,"7":10,"8":10,"9":10,"10":10,"11":10,"12":5},"f":{"0":10,"1":5},"b":{"0":[4,6],"1":[3,7],"2":[9,1]},"_coverageSchema":"1a1c01bbd47fc00a2c39e90264f33305004495a9","hash":"44066b57a4585ec08900dd12c836f912adf49e63"}
,"D:\\Github Repo\\dissertation-app\\RecovAI\\lib\\streakLogic.ts": {"path":"D:\\Github Repo\\dissertation-app\\RecovAI\\lib\\streakLogic.ts","statementMap":{"0":{"start":{"line":11,"column":2},"end":{"line":13,"column":3}},"1":{"start":{"line":12,"column":4},"end":{"line":12,"column":41}},"2":{"start":{"line":15,"column":14},"end":{"line":15,"column":95}},"3":{"start":{"line":16,"column":22},"end":{"line":16,"column":61}},"4":{"start":{"line":17,"column":22},"end":{"line":17,"column":64}},"5":{"start":{"line":19,"column":2},"end":{"line":24,"column":4}}},"fnMap":{"0":{"name":"computeNextStreak","decl":{"start":{"line":10,"column":16},"end":{"line":10,"column":33}},"loc":{"start":{"line":10,"column":115},"end":{"line":25,"column":1}},"line":10}},"branchMap":{"0":{"loc":{"start":{"line":11,"column":2},"end":{"line":13,"column":3}},"type":"if","locations":[{"start":{"line":11,"column":2},"end":{"line":13,"column":3}},{"start":{},"end":{}}],"line":11},"1":{"loc":{"start":{"line":15,"column":14},"end":{"line":15,"column":95}},"type":"cond-expr","locations":[{"start":{"line":15,"column":38},"end":{"line":15,"column":88}},{"start":{"line":15,"column":91},"end":{"line":15,"column":95}}],"line":15},"2":{"loc":{"start":{"line":16,"column":22},"end":{"line":16,"column":61}},"type":"cond-expr","locations":[{"start":{"line":16,"column":34},"end":{"line":16,"column":57}},{"start":{"line":16,"column":60},"end":{"line":16,"column":61}}],"line":16}},"s":{"0":5,"1":1,"2":4,"3":4,"4":4,"5":4},"f":{"0":5},"b":{"0":[1,4],"1":[3,1],"2":[1,3]},"_coverageSchema":"1a1c01bbd47fc00a2c39e90264f33305004495a9","hash":"b16b008b49dcb2ebfef3ad7e715d40ba8b32e655"}
}
