TN:
SF:lib\forecast.ts
FN:13,computeForecast
FN:35,(anonymous_1)
FN:44,forecastsHighRisk
FN:46,(anonymous_3)
FNF:4
FNH:4
FNDA:6,computeForecast
FNDA:12,(anonymous_1)
FNDA:3,forecastsHighRisk
FNDA:6,(anonymous_3)
DA:14,6
DA:16,4
DA:17,4
DA:18,4
DA:19,4
DA:20,4
DA:21,4
DA:22,28
DA:23,28
DA:24,28
DA:25,28
DA:26,28
DA:29,4
DA:32,4
DA:33,4
DA:35,12
DA:37,4
DA:45,3
DA:46,6
LF:19
LH:19
BRDA:14,0,0,2
BRDA:14,0,1,4
BRDA:32,1,0,0
BRDA:32,1,1,4
BRDA:45,2,0,1
BRDA:45,2,1,2
BRF:6
BRH:5
end_of_record
TN:
SF:lib\geo.ts
FN:2,haversineDistanceMeters
FN:4,(anonymous_1)
FNF:2
FNH:2
FNDA:2,haversineDistanceMeters
FNDA:8,(anonymous_1)
DA:3,2
DA:4,8
DA:5,2
DA:6,2
DA:8,2
DA:10,2
LF:6
LH:6
BRF:0
BRH:0
end_of_record
TN:
SF:lib\mauritiusTime.ts
FN:2,getMauritiusDateString
FN:12,getMauritiusStartOfDayIso
FN:18,daysBetween
FN:25,addDaysToDateString
FN:30,getMauritiusWeekStart
FN:37,dayAbbreviation
FN:50,toMauritiusIsoString
FNF:7
FNH:2
FNDA:4,getMauritiusDateString
FNDA:0,getMauritiusStartOfDayIso
FNDA:6,daysBetween
FNDA:0,addDaysToDateString
FNDA:0,getMauritiusWeekStart
FNDA:0,dayAbbreviation
FNDA:0,toMauritiusIsoString
DA:3,4
DA:4,4
DA:5,4
DA:6,4
DA:7,4
DA:8,4
DA:13,0
DA:14,0
DA:19,6
DA:20,6
DA:21,6
DA:26,0
DA:31,0
DA:32,0
DA:33,0
DA:38,0
DA:51,0
DA:52,0
LF:18
LH:9
BRDA:2,0,0,1
BRDA:12,1,0,0
BRDA:30,2,0,0
BRF:3
BRH:1
end_of_record
TN:
SF:lib\riskEngine.ts
FN:41,computeBreakdown
FN:74,computeRiskScore
FNF:2
FNH:2
FNDA:10,computeBreakdown
FNDA:5,computeRiskScore
DA:3,2
DA:21,2
DA:42,10
DA:43,10
DA:44,10
DA:45,10
DA:46,10
DA:47,10
DA:50,10
DA:57,10
DA:58,10
DA:60,10
DA:75,5
LF:13
LH:13
BRDA:45,0,0,4
BRDA:45,0,1,6
BRDA:46,1,0,3
BRDA:46,1,1,7
BRDA:47,2,0,9
BRDA:47,2,1,1
BRF:6
BRH:6
end_of_record
TN:
SF:lib\streakLogic.ts
FN:10,computeNextStreak
FNF:1
FNH:1
FNDA:5,computeNextStreak
DA:11,5
DA:12,1
DA:15,4
DA:16,4
DA:17,4
DA:19,4
LF:6
LH:6
BRDA:11,0,0,1
BRDA:11,0,1,4
BRDA:15,1,0,3
BRDA:15,1,1,1
BRDA:16,2,0,1
BRDA:16,2,1,3
BRF:6
BRH:6
end_of_record
